<?xml version="1.0" encoding="UTF-8"?>
<!-- Generated by org.testng.reporters.JUnitXMLReporter -->
<testsuite ignored="0" hostname="GP-PC-6000017.local" failures="0" tests="3" name="LanguageTest" time="29.912" errors="0" timestamp="12 Aug 2022 05:59:03 GMT">
  <testcase classname="com.wiki.tests.SearchTest_Wiki" name="Verify_Search_Working_ValidData_English" time="11.501"/>
  <testcase classname="com.wiki.tests.SearchTest_Wiki" name="Verify_Search_Working_ValidData_Bangla" time="6.323"/>
  <testcase classname="com.wiki.tests.SearchTest_Wiki" name="Verify_Search_Working_ValidData_EnglishToBangla_NegativeTesting" time="6.39"/>
</testsuite> <!-- LanguageTest -->
