<?xml version="1.0" encoding="UTF-8"?>
<testng-results skipped="0" failed="0" ignored="0" total="1" passed="1">
  <reporter-output>
  </reporter-output>
  <suite name="SmokeSuite" duration-ms="6052" started-at="2022-08-06T12:15:11Z" finished-at="2022-08-06T12:15:18Z">
    <groups>
    </groups>
    <test name="Test" duration-ms="6052" started-at="2022-08-06T12:15:11Z" finished-at="2022-08-06T12:15:18Z">
      <class name="com.wiki.tests.SearchTest_Wiki">
        <test-method status="PASS" signature="beforeMethod()[pri:0, instance:com.wiki.tests.SearchTest_Wiki@5fcd892a]" name="beforeMethod" is-config="true" duration-ms="1855" started-at="2022-08-06T12:15:12Z" finished-at="2022-08-06T12:15:13Z">
          <reporter-output>
          </reporter-output>
        </test-method> <!-- beforeMethod -->
        <test-method status="PASS" signature="Verify_Search_Working_ValidData()[pri:0, instance:com.wiki.tests.SearchTest_Wiki@5fcd892a]" name="Verify_Search_Working_ValidData" duration-ms="4056" started-at="2022-08-06T12:15:13Z" description="Verify that search is working properly" finished-at="2022-08-06T12:15:17Z">
          <reporter-output>
          </reporter-output>
        </test-method> <!-- Verify_Search_Working_ValidData -->
        <test-method status="PASS" signature="afterMethod()[pri:0, instance:com.wiki.tests.SearchTest_Wiki@5fcd892a]" name="afterMethod" is-config="true" duration-ms="93" started-at="2022-08-06T12:15:17Z" finished-at="2022-08-06T12:15:18Z">
          <reporter-output>
          </reporter-output>
        </test-method> <!-- afterMethod -->
      </class> <!-- com.wiki.tests.SearchTest_Wiki -->
    </test> <!-- Test -->
  </suite> <!-- SmokeSuite -->
</testng-results>
